# JRE version: Java(TM) SE Runtime Environment (8.0_321-b07) (build 1.8.0_321-b07)
# Java VM: Java HotSpot(TM) 64-Bit Server VM (25.321-b07 mixed mode windows-amd64 compressed oops)
Heap:
 PSYoungGen      total 152576K, used 89773K [0x0000000776180000, 0x0000000782700000, 0x00000007c0000000)
  eden space 138752K, 64% used [0x0000000776180000,0x000000077b92b6c0,0x000000077e900000)
  from space 13824K, 0% used [0x000000077f600000,0x000000077f600000,0x0000000780380000)
  to   space 13312K, 0% used [0x000000077e900000,0x000000077e900000,0x000000077f600000)
 ParOldGen       total 138240K, used 13245K [0x00000006e2400000, 0x00000006eab00000, 0x0000000776180000)
  object space 138240K, 9% used [0x00000006e2400000,0x00000006e30ef610,0x00000006eab00000)
 Metaspace       used 39730K, capacity 42290K, committed 42624K, reserved 1085440K
  class space    used 5451K, capacity 5905K, committed 6016K, reserved 1048576K
GC Heap History (10 events):
Event: 2.363 GC heap before
{Heap before GC invocations=4 (full 1):
 PSYoungGen      total 66560K, used 7919K [0x0000000776180000, 0x000000077e380000, 0x00000007c0000000)
  eden space 57344K, 0% used [0x0000000776180000,0x0000000776180000,0x0000000779980000)
  from space 9216K, 85% used [0x0000000779980000,0x000000077a13bc10,0x000000077a280000)
  to   space 9216K, 0% used [0x000000077da80000,0x000000077da80000,0x000000077e380000)
 ParOldGen       total 151552K, used 2104K [0x00000006e2400000, 0x00000006eb800000, 0x0000000776180000)
  object space 151552K, 1% used [0x00000006e2400000,0x00000006e260e2d0,0x00000006eb800000)
 Metaspace       used 20228K, capacity 21252K, committed 21296K, reserved 1067008K
  class space    used 2666K, capacity 2916K, committed 2944K, reserved 1048576K
Event: 2.389 GC heap after
Heap after GC invocations=4 (full 1):
 PSYoungGen      total 66560K, used 0K [0x0000000776180000, 0x000000077e380000, 0x00000007c0000000)
  eden space 57344K, 0% used [0x0000000776180000,0x0000000776180000,0x0000000779980000)
  from space 9216K, 0% used [0x0000000779980000,0x0000000779980000,0x000000077a280000)
  to   space 9216K, 0% used [0x000000077da80000,0x000000077da80000,0x000000077e380000)
 ParOldGen       total 91136K, used 7744K [0x00000006e2400000, 0x00000006e7d00000, 0x0000000776180000)
  object space 91136K, 8% used [0x00000006e2400000,0x00000006e2b90318,0x00000006e7d00000)
 Metaspace       used 20228K, capacity 21252K, committed 21296K, reserved 1067008K
  class space    used 2666K, capacity 2916K, committed 2944K, reserved 1048576K
}
Event: 3.001 GC heap before
{Heap before GC invocations=5 (full 1):
 PSYoungGen      total 66560K, used 57344K [0x0000000776180000, 0x000000077e380000, 0x00000007c0000000)
  eden space 57344K, 100% used [0x0000000776180000,0x0000000779980000,0x0000000779980000)
  from space 9216K, 0% used [0x0000000779980000,0x0000000779980000,0x000000077a280000)
  to   space 9216K, 0% used [0x000000077da80000,0x000000077da80000,0x000000077e380000)
 ParOldGen       total 91136K, used 7744K [0x00000006e2400000, 0x00000006e7d00000, 0x0000000776180000)
  object space 91136K, 8% used [0x00000006e2400000,0x00000006e2b90318,0x00000006e7d00000)
 Metaspace       used 24418K, capacity 26156K, committed 26240K, reserved 1071104K
  class space    used 3362K, capacity 3698K, committed 3712K, reserved 1048576K
Event: 3.007 GC heap after
Heap after GC invocations=5 (full 1):
 PSYoungGen      total 97280K, used 6666K [0x0000000776180000, 0x000000077e180000, 0x00000007c0000000)
  eden space 90112K, 0% used [0x0000000776180000,0x0000000776180000,0x000000077b980000)
  from space 7168K, 93% used [0x000000077da80000,0x000000077e102a60,0x000000077e180000)
  to   space 9216K, 0% used [0x000000077cf80000,0x000000077cf80000,0x000000077d880000)
 ParOldGen       total 91136K, used 7752K [0x00000006e2400000, 0x00000006e7d00000, 0x0000000776180000)
  object space 91136K, 8% used [0x00000006e2400000,0x00000006e2b92318,0x00000006e7d00000)
 Metaspace       used 24418K, capacity 26156K, committed 26240K, reserved 1071104K
  class space    used 3362K, capacity 3698K, committed 3712K, reserved 1048576K
}
Event: 4.236 GC heap before
{Heap before GC invocations=6 (full 1):
 PSYoungGen      total 97280K, used 96778K [0x0000000776180000, 0x000000077e180000, 0x00000007c0000000)
  eden space 90112K, 100% used [0x0000000776180000,0x000000077b980000,0x000000077b980000)
  from space 7168K, 93% used [0x000000077da80000,0x000000077e102a60,0x000000077e180000)
  to   space 9216K, 0% used [0x000000077cf80000,0x000000077cf80000,0x000000077d880000)
 ParOldGen       total 91136K, used 7752K [0x00000006e2400000, 0x00000006e7d00000, 0x0000000776180000)
  object space 91136K, 8% used [0x00000006e2400000,0x00000006e2b92318,0x00000006e7d00000)
 Metaspace       used 32150K, capacity 34184K, committed 34304K, reserved 1079296K
  class space    used 4473K, capacity 4847K, committed 4864K, reserved 1048576K
Event: 4.244 GC heap after
Heap after GC invocations=6 (full 1):
 PSYoungGen      total 121856K, used 9195K [0x0000000776180000, 0x0000000780380000, 0x00000007c0000000)
  eden space 112640K, 0% used [0x0000000776180000,0x0000000776180000,0x000000077cf80000)
  from space 9216K, 99% used [0x000000077cf80000,0x000000077d87ac50,0x000000077d880000)
  to   space 13824K, 0% used [0x000000077f600000,0x000000077f600000,0x0000000780380000)
 ParOldGen       total 91136K, used 10469K [0x00000006e2400000, 0x00000006e7d00000, 0x0000000776180000)
  object space 91136K, 11% used [0x00000006e2400000,0x00000006e2e39628,0x00000006e7d00000)
 Metaspace       used 32150K, capacity 34184K, committed 34304K, reserved 1079296K
  class space    used 4473K, capacity 4847K, committed 4864K, reserved 1048576K
}
Event: 4.524 GC heap before
{Heap before GC invocations=7 (full 1):
 PSYoungGen      total 121856K, used 16338K [0x0000000776180000, 0x0000000780380000, 0x00000007c0000000)
  eden space 112640K, 6% used [0x0000000776180000,0x0000000776879f80,0x000000077cf80000)
  from space 9216K, 99% used [0x000000077cf80000,0x000000077d87ac50,0x000000077d880000)
  to   space 13824K, 0% used [0x000000077f600000,0x000000077f600000,0x0000000780380000)
 ParOldGen       total 91136K, used 10469K [0x00000006e2400000, 0x00000006e7d00000, 0x0000000776180000)
  object space 91136K, 11% used [0x00000006e2400000,0x00000006e2e39628,0x00000006e7d00000)
 Metaspace       used 33323K, capacity 35304K, committed 35456K, reserved 1079296K
  class space    used 4569K, capacity 4943K, committed 4992K, reserved 1048576K
Event: 4.529 GC heap after
Heap after GC invocations=7 (full 1):
 PSYoungGen      total 152576K, used 7246K [0x0000000776180000, 0x0000000782700000, 0x00000007c0000000)
  eden space 138752K, 0% used [0x0000000776180000,0x0000000776180000,0x000000077e900000)
  from space 13824K, 52% used [0x000000077f600000,0x000000077fd13bd0,0x0000000780380000)
  to   space 13312K, 0% used [0x000000077e900000,0x000000077e900000,0x000000077f600000)
 ParOldGen       total 91136K, used 10477K [0x00000006e2400000, 0x00000006e7d00000, 0x0000000776180000)
  object space 91136K, 11% used [0x00000006e2400000,0x00000006e2e3b628,0x00000006e7d00000)
 Metaspace       used 33323K, capacity 35304K, committed 35456K, reserved 1079296K
  class space    used 4569K, capacity 4943K, committed 4992K, reserved 1048576K
}
Event: 4.529 GC heap before
{Heap before GC invocations=8 (full 2):
 PSYoungGen      total 152576K, used 7246K [0x0000000776180000, 0x0000000782700000, 0x00000007c0000000)
  eden space 138752K, 0% used [0x0000000776180000,0x0000000776180000,0x000000077e900000)
  from space 13824K, 52% used [0x000000077f600000,0x000000077fd13bd0,0x0000000780380000)
  to   space 13312K, 0% used [0x000000077e900000,0x000000077e900000,0x000000077f600000)
 ParOldGen       total 91136K, used 10477K [0x00000006e2400000, 0x00000006e7d00000, 0x0000000776180000)
  object space 91136K, 11% used [0x00000006e2400000,0x00000006e2e3b628,0x00000006e7d00000)
 Metaspace       used 33323K, capacity 35304K, committed 35456K, reserved 1079296K
  class space    used 4569K, capacity 4943K, committed 4992K, reserved 1048576K
Event: 4.563 GC heap after
Heap after GC invocations=8 (full 2):
 PSYoungGen      total 152576K, used 0K [0x0000000776180000, 0x0000000782700000, 0x00000007c0000000)
  eden space 138752K, 0% used [0x0000000776180000,0x0000000776180000,0x000000077e900000)
  from space 13824K, 0% used [0x000000077f600000,0x000000077f600000,0x0000000780380000)
  to   space 13312K, 0% used [0x000000077e900000,0x000000077e900000,0x000000077f600000)
 ParOldGen       total 138240K, used 13245K [0x00000006e2400000, 0x00000006eab00000, 0x0000000776180000)
  object space 138240K, 9% used [0x00000006e2400000,0x00000006e30ef610,0x00000006eab00000)
 Metaspace       used 33323K, capacity 35304K, committed 35456K, reserved 1079296K
  class space    used 4569K, capacity 4943K, committed 4992K, reserved 1048576K
}

